2026.02.04 23:34:02 WARN  Using H2 2.4.240 which is newer than the version Flyway has been verified with. The latest verified version of H2 is 2.3.232.
2026.02.04 23:34:03 INFO  no build target found for C:\Users\drsal\Downloads\hw1\csc-435-pa2-dsalcedo2\app-java\src\main\java\csc435\app\ProcessingEngine.java. Using fallback presentation compiler.
2026.02.04 23:34:03 INFO  no build target found for C:\Users\drsal\Downloads\hw1\csc-435-pa2-dsalcedo2\app-java\src\main\java\csc435\app\AppInterface.java. Using fallback presentation compiler.
2026.02.04 23:34:03 WARN  no build tool detected in workspace 'C:\Users\drsal\Downloads\hw1'. The most common cause for this problem is that the editor was opened in the wrong working directory, for example if you use sbt then the workspace directory should contain build.sbt. 
2026.02.04 23:34:03 WARN  Build server is not auto-connectable.
2026.02.04 23:34:03 WARN  no build target for: C:\Users\drsal\Downloads\hw1\csc-435-pa2-dsalcedo2\app-java\src\main\java\csc435\app\ProcessingEngine.java
2026.02.04 23:34:03 WARN  no build target for: C:\Users\drsal\Downloads\hw1\csc-435-pa2-dsalcedo2\app-java\src\main\java\csc435\app\AppInterface.java
2026.02.04 23:34:03 INFO  no build target found for C:\Users\drsal\Downloads\hw1\csc-435-pa2-dsalcedo2\app-java\src\main\java\csc435\app\AppInterface.java. Using fallback presentation compiler.
2026.02.04 23:34:03 INFO  no build target found for C:\Users\drsal\Downloads\hw1\csc-435-pa2-dsalcedo2\app-java\src\main\java\csc435\app\ProcessingEngine.java. Using fallback presentation compiler.
2026.02.04 23:34:03 INFO  no build target found for C:\Users\drsal\Downloads\hw1\csc-435-pa2-dsalcedo2\app-java\src\main\java\csc435\app\AppInterface.java. Using fallback presentation compiler.
2026.02.04 23:34:04 INFO  no build target found for C:\Users\drsal\Downloads\hw1\csc-435-pa2-dsalcedo2\app-java\src\main\java\csc435\app\ProcessingEngine.java. Using fallback presentation compiler.
2026.02.04 23:35:55 INFO  no build target found for C:\Users\drsal\Downloads\hw1\csc-435-pa2-dsalcedo2\app-java\src\main\java\csc435\app\ProcessingEngine.java. Using fallback presentation compiler.
2026.02.04 23:35:55 INFO  no build target found for C:\Users\drsal\Downloads\hw1\csc-435-pa2-dsalcedo2\app-java\src\main\java\csc435\app\ProcessingEngine.java. Using fallback presentation compiler.
2026.02.04 23:35:55 WARN  no build target for: C:\Users\drsal\Downloads\hw1\csc-435-pa2-dsalcedo2\app-java\src\main\java\csc435\app\ProcessingEngine.java
2026.02.04 23:35:56 INFO  no build target found for C:\Users\drsal\Downloads\hw1\csc-435-pa2-dsalcedo2\app-java\src\main\java\csc435\app\AppInterface.java. Using fallback presentation compiler.
2026.02.04 23:35:55 INFO  no build target found for C:\Users\drsal\Downloads\hw1\csc-435-pa2-dsalcedo2\app-java\src\main\java\csc435\app\ProcessingEngine.java. Using fallback presentation compiler.
2026.02.04 23:36:00 INFO  no build target found for C:\Users\drsal\Downloads\hw1\csc-435-pa2-dsalcedo2\app-java\src\main\java\csc435\app\ProcessingEngine.java. Using fallback presentation compiler.
2026.02.04 23:36:00 INFO  no build target found for C:\Users\drsal\Downloads\hw1\csc-435-pa2-dsalcedo2\app-java\src\main\java\csc435\app\ProcessingEngine.java. Using fallback presentation compiler.
2026.02.04 23:36:01 WARN  no build target for: C:\Users\drsal\Downloads\hw1\csc-435-pa2-dsalcedo2\app-java\src\main\java\csc435\app\ProcessingEngine.java
2026.02.04 23:36:01 INFO  no build target found for C:\Users\drsal\Downloads\hw1\csc-435-pa2-dsalcedo2\app-java\src\main\java\csc435\app\AppInterface.java. Using fallback presentation compiler.
2026.02.04 23:36:01 INFO  no build target found for C:\Users\drsal\Downloads\hw1\csc-435-pa2-dsalcedo2\app-java\src\main\java\csc435\app\ProcessingEngine.java. Using fallback presentation compiler.
2026.02.04 23:36:03 INFO  no build target found for C:\Users\drsal\Downloads\hw1\csc-435-pa2-dsalcedo2\app-java\src\main\java\csc435\app\ProcessingEngine.java. Using fallback presentation compiler.
2026.02.04 23:36:03 INFO  no build target found for C:\Users\drsal\Downloads\hw1\csc-435-pa2-dsalcedo2\app-java\src\main\java\csc435\app\ProcessingEngine.java. Using fallback presentation compiler.
2026.02.04 23:36:03 WARN  no build target for: C:\Users\drsal\Downloads\hw1\csc-435-pa2-dsalcedo2\app-java\src\main\java\csc435\app\ProcessingEngine.java
2026.02.04 23:36:04 INFO  no build target found for C:\Users\drsal\Downloads\hw1\csc-435-pa2-dsalcedo2\app-java\src\main\java\csc435\app\AppInterface.java. Using fallback presentation compiler.
2026.02.04 23:36:04 INFO  no build target found for C:\Users\drsal\Downloads\hw1\csc-435-pa2-dsalcedo2\app-java\src\main\java\csc435\app\ProcessingEngine.java. Using fallback presentation compiler.
2026.02.04 23:36:22 INFO  no build target found for C:\Users\drsal\Downloads\hw1\csc-435-pa2-dsalcedo2\app-java\src\main\java\csc435\app\ProcessingEngine.java. Using fallback presentation compiler.
2026.02.04 23:36:22 INFO  no build target found for C:\Users\drsal\Downloads\hw1\csc-435-pa2-dsalcedo2\app-java\src\main\java\csc435\app\ProcessingEngine.java. Using fallback presentation compiler.
2026.02.04 23:36:22 WARN  no build target for: C:\Users\drsal\Downloads\hw1\csc-435-pa2-dsalcedo2\app-java\src\main\java\csc435\app\ProcessingEngine.java
2026.02.04 23:36:22 INFO  no build target found for C:\Users\drsal\Downloads\hw1\csc-435-pa2-dsalcedo2\app-java\src\main\java\csc435\app\AppInterface.java. Using fallback presentation compiler.
2026.02.04 23:36:23 INFO  no build target found for C:\Users\drsal\Downloads\hw1\csc-435-pa2-dsalcedo2\app-java\src\main\java\csc435\app\ProcessingEngine.java. Using fallback presentation compiler.
2026.02.04 23:36:39 WARN  no build target for: C:\Users\drsal\Downloads\hw1\csc-435-pa2-dsalcedo2\app-java\src\main\java\csc435\app\ProcessingEngine.java
2026.02.04 23:36:39 INFO  no build target found for C:\Users\drsal\Downloads\hw1\csc-435-pa2-dsalcedo2\app-java\src\main\java\csc435\app\AppInterface.java. Using fallback presentation compiler.
2026.02.04 23:36:39 INFO  no build target found for C:\Users\drsal\Downloads\hw1\csc-435-pa2-dsalcedo2\app-java\src\main\java\csc435\app\ProcessingEngine.java. Using fallback presentation compiler.
2026.02.04 23:36:46 INFO  no build target found for C:\Users\drsal\Downloads\hw1\csc-435-pa2-dsalcedo2\app-java\src\main\java\csc435\app\AppInterface.java. Using fallback presentation compiler.
2026.02.04 23:36:46 INFO  no build target found for C:\Users\drsal\Downloads\hw1\csc-435-pa2-dsalcedo2\app-java\src\main\java\csc435\app\ProcessingEngine.java. Using fallback presentation compiler.
2026.02.10 21:24:41 INFO  Started: Metals version 1.6.5 in folders 'C:\Users\drsal\Downloads\hw1' for client Cursor 1.105.1.
2026.02.10 21:24:41 INFO  Memory monitor started
2026.02.10 21:24:45 WARN  Using H2 2.4.240 which is newer than the version Flyway has been verified with. The latest verified version of H2 is 2.3.232.
2026.02.10 21:24:46 INFO  no build target found for C:\Users\drsal\Downloads\hw1\csc-435-pa2-dsalcedo2\app-java\src\main\java\csc435\app\ProcessingEngine.java. Using fallback presentation compiler.
2026.02.10 21:24:46 WARN  no build tool detected in workspace 'C:\Users\drsal\Downloads\hw1'. The most common cause for this problem is that the editor was opened in the wrong working directory, for example if you use sbt then the workspace directory should contain build.sbt. 
2026.02.10 21:24:46 WARN  Build server is not auto-connectable.
2026.02.10 21:24:46 WARN  no build target for: C:\Users\drsal\Downloads\hw1\csc-435-pa2-dsalcedo2\app-java\src\main\java\csc435\app\ProcessingEngine.java
2026.02.10 21:24:46 INFO  no build target found for C:\Users\drsal\Downloads\hw1\csc-435-pa2-dsalcedo2\app-java\src\main\java\csc435\app\ProcessingEngine.java. Using fallback presentation compiler.
2026.02.10 21:24:47 INFO  time: code lens generation in 1.32s
2026.02.10 21:56:33 INFO  no build target found for C:\Users\drsal\Downloads\hw1\csc-435-pa2-dsalcedo2\app-java\src\main\java\csc435\app\ProcessingEngine.java. Using fallback presentation compiler.
2026.02.10 21:57:13 WARN  no build target for: C:\Users\drsal\Downloads\hw1\csc-435-pa2-dsalcedo2\app-java\src\main\java\csc435\app\IndexStore.java
2026.02.10 21:57:15 INFO  no build target found for C:\Users\drsal\Downloads\hw1\csc-435-pa2-dsalcedo2\app-java\src\main\java\csc435\app\IndexStore.java. Using fallback presentation compiler.
2026.02.10 21:57:21 INFO  no build target found for C:\Users\drsal\Downloads\hw1\csc-435-pa2-dsalcedo2\app-java\src\main\java\csc435\app\IndexStore.java. Using fallback presentation compiler.
2026.02.10 21:57:31 WARN  no build target for: C:\Users\drsal\Downloads\hw1\csc-435-pa2-dsalcedo2\app-java\src\main\java\csc435\app\ProcessingEngine.java
2026.02.10 21:57:31 INFO  no build target found for C:\Users\drsal\Downloads\hw1\csc-435-pa2-dsalcedo2\app-java\src\main\java\csc435\app\ProcessingEngine.java. Using fallback presentation compiler.
2026.02.11 17:48:46 INFO  no build target found for C:\Users\drsal\Downloads\hw1\csc-435-pa2-dsalcedo2\app-java\src\main\java\csc435\app\ProcessingEngine.java. Using fallback presentation compiler.
2026.02.11 17:48:48 INFO  no build target found for C:\Users\drsal\Downloads\hw1\csc-435-pa2-dsalcedo2\app-java\src\main\java\csc435\app\ProcessingEngine.java. Using fallback presentation compiler.
2026.02.11 17:48:48 INFO  no build target found for C:\Users\drsal\Downloads\hw1\csc-435-pa2-dsalcedo2\app-java\src\main\java\csc435\app\ProcessingEngine.java. Using fallback presentation compiler.
2026.02.11 17:48:51 INFO  no build target found for C:\Users\drsal\Downloads\hw1\csc-435-pa2-dsalcedo2\app-java\src\main\java\csc435\app\ProcessingEngine.java. Using fallback presentation compiler.
2026.02.11 17:48:52 INFO  no build target found for C:\Users\drsal\Downloads\hw1\csc-435-pa2-dsalcedo2\app-java\src\main\java\csc435\app\ProcessingEngine.java. Using fallback presentation compiler.
2026.02.11 17:49:13 INFO  no build target found for C:\Users\drsal\Downloads\hw1\csc-435-pa2-dsalcedo2\app-java\src\main\java\csc435\app\ProcessingEngine.java. Using fallback presentation compiler.
2026.02.11 17:49:14 INFO  no build target found for C:\Users\drsal\Downloads\hw1\csc-435-pa2-dsalcedo2\app-java\src\main\java\csc435\app\ProcessingEngine.java. Using fallback presentation compiler.
2026.02.11 17:49:41 INFO  no build target found for C:\Users\drsal\Downloads\hw1\csc-435-pa2-dsalcedo2\app-java\src\main\java\csc435\app\IndexStore.java. Using fallback presentation compiler.
2026.02.11 17:49:41 WARN  no build target for: C:\Users\drsal\Downloads\hw1\csc-435-pa2-dsalcedo2\app-java\src\main\java\csc435\app\ProcessingEngine.java
2026.02.11 17:49:42 INFO  no build target found for C:\Users\drsal\Downloads\hw1\csc-435-pa2-dsalcedo2\app-java\src\main\java\csc435\app\ProcessingEngine.java. Using fallback presentation compiler.
2026.02.11 17:50:48 INFO  no build target found for C:\Users\drsal\Downloads\hw1\csc-435-pa2-dsalcedo2\app-java\src\main\java\csc435\app\ProcessingEngine.java. Using fallback presentation compiler.
2026.02.11 17:50:48 WARN  no build target for: C:\Users\drsal\Downloads\hw1\csc-435-pa2-dsalcedo2\app-java\src\main\java\csc435\app\ProcessingEngine.java
2026.02.11 17:50:48 INFO  no build target found for C:\Users\drsal\Downloads\hw1\csc-435-pa2-dsalcedo2\app-java\src\main\java\csc435\app\ProcessingEngine.java. Using fallback presentation compiler.
2026.02.11 17:50:52 INFO  no build target found for C:\Users\drsal\Downloads\hw1\csc-435-pa2-dsalcedo2\app-java\src\main\java\csc435\app\ProcessingEngine.java. Using fallback presentation compiler.
2026.02.11 17:50:52 WARN  no build target for: C:\Users\drsal\Downloads\hw1\csc-435-pa2-dsalcedo2\app-java\src\main\java\csc435\app\ProcessingEngine.java
2026.02.11 17:50:52 INFO  no build target found for C:\Users\drsal\Downloads\hw1\csc-435-pa2-dsalcedo2\app-java\src\main\java\csc435\app\ProcessingEngine.java. Using fallback presentation compiler.
2026.02.11 17:50:54 INFO  no build target found for C:\Users\drsal\Downloads\hw1\csc-435-pa2-dsalcedo2\app-java\src\main\java\csc435\app\ProcessingEngine.java. Using fallback presentation compiler.
2026.02.11 17:50:54 WARN  no build target for: C:\Users\drsal\Downloads\hw1\csc-435-pa2-dsalcedo2\app-java\src\main\java\csc435\app\ProcessingEngine.java
2026.02.11 17:50:54 INFO  no build target found for C:\Users\drsal\Downloads\hw1\csc-435-pa2-dsalcedo2\app-java\src\main\java\csc435\app\ProcessingEngine.java. Using fallback presentation compiler.
2026.02.11 17:50:57 INFO  no build target found for C:\Users\drsal\Downloads\hw1\csc-435-pa2-dsalcedo2\app-java\src\main\java\csc435\app\ProcessingEngine.java. Using fallback presentation compiler.
2026.02.11 17:50:57 WARN  no build target for: C:\Users\drsal\Downloads\hw1\csc-435-pa2-dsalcedo2\app-java\src\main\java\csc435\app\ProcessingEngine.java
2026.02.11 17:50:57 INFO  no build target found for C:\Users\drsal\Downloads\hw1\csc-435-pa2-dsalcedo2\app-java\src\main\java\csc435\app\ProcessingEngine.java. Using fallback presentation compiler.
2026.02.11 17:51:11 WARN  no build target for: C:\Users\drsal\Downloads\hw1\csc-435-pa2-dsalcedo2\app-java\src\main\java\csc435\app\ProcessingEngine.java
2026.02.11 17:51:11 INFO  no build target found for C:\Users\drsal\Downloads\hw1\csc-435-pa2-dsalcedo2\app-java\src\main\java\csc435\app\ProcessingEngine.java. Using fallback presentation compiler.
2026.02.11 17:52:15 WARN  no build target for: C:\Users\drsal\Downloads\hw1\csc-435-pa2-dsalcedo2\app-java\src\main\java\csc435\app\ProcessingEngine.java
2026.02.11 17:52:15 INFO  no build target found for C:\Users\drsal\Downloads\hw1\csc-435-pa2-dsalcedo2\app-java\src\main\java\csc435\app\ProcessingEngine.java. Using fallback presentation compiler.
Feb 11, 2026 5:52:17 PM org.eclipse.lsp4j.jsonrpc.RemoteEndpoint handleCancellation
WARNING: Unmatched cancel notification for request id 659
Feb 11, 2026 5:52:17 PM org.eclipse.lsp4j.jsonrpc.RemoteEndpoint handleCancellation
WARNING: Unmatched cancel notification for request id 660
2026.02.11 17:56:55 INFO  no build target found for C:\Users\drsal\Downloads\hw1\csc-435-pa2-dsalcedo2\app-java\src\main\java\csc435\app\ProcessingEngine.java. Using fallback presentation compiler.
2026.02.11 17:56:55 WARN  no build target for: C:\Users\drsal\Downloads\hw1\csc-435-pa2-dsalcedo2\app-java\src\main\java\csc435\app\ProcessingEngine.java
2026.02.11 17:56:55 INFO  no build target found for C:\Users\drsal\Downloads\hw1\csc-435-pa2-dsalcedo2\app-java\src\main\java\csc435\app\ProcessingEngine.java. Using fallback presentation compiler.
2026.02.11 17:57:13 WARN  no build target for: C:\Users\drsal\Downloads\hw1\csc-435-pa2-dsalcedo2\app-java\src\main\java\csc435\app\ProcessingEngine.java
2026.02.11 17:57:13 INFO  no build target found for C:\Users\drsal\Downloads\hw1\csc-435-pa2-dsalcedo2\app-java\src\main\java\csc435\app\ProcessingEngine.java. Using fallback presentation compiler.
2026.02.11 17:57:49 INFO  no build target found for C:\Users\drsal\Downloads\hw1\csc-435-pa2-dsalcedo2\app-java\src\main\java\csc435\app\ProcessingEngine.java. Using fallback presentation compiler.
2026.02.11 17:57:49 INFO  no build target found for C:\Users\drsal\Downloads\hw1\csc-435-pa2-dsalcedo2\app-java\src\main\java\csc435\app\ProcessingEngine.java. Using fallback presentation compiler.
2026.02.11 17:57:52 WARN  no build target for: C:\Users\drsal\Downloads\hw1\csc-435-pa2-dsalcedo2\app-java\src\main\java\csc435\app\FileRetrievalEngine.java
2026.02.11 17:57:52 INFO  no build target found for C:\Users\drsal\Downloads\hw1\csc-435-pa2-dsalcedo2\app-java\src\main\java\csc435\app\FileRetrievalEngine.java. Using fallback presentation compiler.
2026.02.11 17:58:21 INFO  no build target found for C:\Users\drsal\Downloads\hw1\csc-435-pa2-dsalcedo2\app-java\src\main\java\csc435\app\FileRetrievalEngine.java. Using fallback presentation compiler.
2026.02.11 17:58:35 INFO  no build target found for C:\Users\drsal\Downloads\hw1\csc-435-pa2-dsalcedo2\app-java\src\main\java\csc435\app\FileRetrievalEngine.java. Using fallback presentation compiler.
2026.02.11 17:58:36 INFO  no build target found for C:\Users\drsal\Downloads\hw1\csc-435-pa2-dsalcedo2\app-java\src\main\java\csc435\app\FileRetrievalEngine.java. Using fallback presentation compiler.
2026.02.11 17:58:36 INFO  no build target found for C:\Users\drsal\Downloads\hw1\csc-435-pa2-dsalcedo2\app-java\src\main\java\csc435\app\FileRetrievalEngine.java. Using fallback presentation compiler.
2026.02.11 17:58:38 INFO  no build target found for C:\Users\drsal\Downloads\hw1\csc-435-pa2-dsalcedo2\app-java\src\main\java\csc435\app\FileRetrievalEngine.java. Using fallback presentation compiler.
2026.02.11 17:58:38 INFO  no build target found for C:\Users\drsal\Downloads\hw1\csc-435-pa2-dsalcedo2\app-java\src\main\java\csc435\app\FileRetrievalEngine.java. Using fallback presentation compiler.
2026.02.11 17:58:44 WARN  no build target for: C:\Users\drsal\Downloads\hw1\csc-435-pa2-dsalcedo2\app-java\src\main\java\csc435\app\ProcessingEngine.java
2026.02.11 17:58:44 INFO  no build target found for C:\Users\drsal\Downloads\hw1\csc-435-pa2-dsalcedo2\app-java\src\main\java\csc435\app\ProcessingEngine.java. Using fallback presentation compiler.
2026.02.11 17:58:58 WARN  no build target for: C:\Users\drsal\Downloads\hw1\csc-435-pa2-dsalcedo2\app-java\src\main\java\csc435\app\FileRetrievalEngine.java
2026.02.11 17:58:58 INFO  no build target found for C:\Users\drsal\Downloads\hw1\csc-435-pa2-dsalcedo2\app-java\src\main\java\csc435\app\FileRetrievalEngine.java. Using fallback presentation compiler.
2026.02.11 17:58:58 INFO  no build target found for C:\Users\drsal\Downloads\hw1\csc-435-pa2-dsalcedo2\app-java\src\main\java\csc435\app\FileRetrievalEngine.java. Using fallback presentation compiler.
2026.02.11 17:59:01 INFO  no build target found for C:\Users\drsal\Downloads\hw1\csc-435-pa2-dsalcedo2\app-java\src\main\java\csc435\app\FileRetrievalEngine.java. Using fallback presentation compiler.
2026.02.11 17:59:01 INFO  no build target found for C:\Users\drsal\Downloads\hw1\csc-435-pa2-dsalcedo2\app-java\src\main\java\csc435\app\FileRetrievalEngine.java. Using fallback presentation compiler.
2026.02.11 17:59:01 INFO  no build target found for C:\Users\drsal\Downloads\hw1\csc-435-pa2-dsalcedo2\app-java\src\main\java\csc435\app\FileRetrievalEngine.java. Using fallback presentation compiler.
2026.02.11 17:59:01 INFO  no build target found for C:\Users\drsal\Downloads\hw1\csc-435-pa2-dsalcedo2\app-java\src\main\java\csc435\app\FileRetrievalEngine.java. Using fallback presentation compiler.
2026.02.11 17:59:06 INFO  no build target found for C:\Users\drsal\Downloads\hw1\csc-435-pa2-dsalcedo2\app-java\src\main\java\csc435\app\FileRetrievalEngine.java. Using fallback presentation compiler.
2026.02.11 17:59:06 INFO  no build target found for C:\Users\drsal\Downloads\hw1\csc-435-pa2-dsalcedo2\app-java\src\main\java\csc435\app\FileRetrievalEngine.java. Using fallback presentation compiler.
2026.02.11 17:59:06 INFO  no build target found for C:\Users\drsal\Downloads\hw1\csc-435-pa2-dsalcedo2\app-java\src\main\java\csc435\app\FileRetrievalEngine.java. Using fallback presentation compiler.
2026.02.11 17:59:07 INFO  no build target found for C:\Users\drsal\Downloads\hw1\csc-435-pa2-dsalcedo2\app-java\src\main\java\csc435\app\FileRetrievalEngine.java. Using fallback presentation compiler.
2026.02.11 17:59:07 INFO  no build target found for C:\Users\drsal\Downloads\hw1\csc-435-pa2-dsalcedo2\app-java\src\main\java\csc435\app\FileRetrievalEngine.java. Using fallback presentation compiler.
2026.02.11 17:59:06 INFO  no build target found for C:\Users\drsal\Downloads\hw1\csc-435-pa2-dsalcedo2\app-java\src\main\java\csc435\app\FileRetrievalEngine.java. Using fallback presentation compiler.
2026.02.11 17:59:07 INFO  no build target found for C:\Users\drsal\Downloads\hw1\csc-435-pa2-dsalcedo2\app-java\src\main\java\csc435\app\FileRetrievalEngine.java. Using fallback presentation compiler.
2026.02.11 17:59:07 INFO  no build target found for C:\Users\drsal\Downloads\hw1\csc-435-pa2-dsalcedo2\app-java\src\main\java\csc435\app\FileRetrievalEngine.java. Using fallback presentation compiler.
2026.02.11 17:59:07 INFO  no build target found for C:\Users\drsal\Downloads\hw1\csc-435-pa2-dsalcedo2\app-java\src\main\java\csc435\app\FileRetrievalEngine.java. Using fallback presentation compiler.
2026.02.11 17:59:08 INFO  no build target found for C:\Users\drsal\Downloads\hw1\csc-435-pa2-dsalcedo2\app-java\src\main\java\csc435\app\FileRetrievalEngine.java. Using fallback presentation compiler.
2026.02.11 17:59:07 INFO  no build target found for C:\Users\drsal\Downloads\hw1\csc-435-pa2-dsalcedo2\app-java\src\main\java\csc435\app\FileRetrievalEngine.java. Using fallback presentation compiler.
2026.02.11 17:59:08 INFO  no build target found for C:\Users\drsal\Downloads\hw1\csc-435-pa2-dsalcedo2\app-java\src\main\java\csc435\app\FileRetrievalEngine.java. Using fallback presentation compiler.
2026.02.11 17:59:08 INFO  no build target found for C:\Users\drsal\Downloads\hw1\csc-435-pa2-dsalcedo2\app-java\src\main\java\csc435\app\FileRetrievalEngine.java. Using fallback presentation compiler.
2026.02.11 17:59:08 INFO  no build target found for C:\Users\drsal\Downloads\hw1\csc-435-pa2-dsalcedo2\app-java\src\main\java\csc435\app\FileRetrievalEngine.java. Using fallback presentation compiler.
2026.02.11 17:59:08 INFO  no build target found for C:\Users\drsal\Downloads\hw1\csc-435-pa2-dsalcedo2\app-java\src\main\java\csc435\app\FileRetrievalEngine.java. Using fallback presentation compiler.
2026.02.11 17:59:09 INFO  no build target found for C:\Users\drsal\Downloads\hw1\csc-435-pa2-dsalcedo2\app-java\src\main\java\csc435\app\FileRetrievalEngine.java. Using fallback presentation compiler.
2026.02.11 17:59:08 INFO  no build target found for C:\Users\drsal\Downloads\hw1\csc-435-pa2-dsalcedo2\app-java\src\main\java\csc435\app\FileRetrievalEngine.java. Using fallback presentation compiler.
2026.02.11 17:59:08 INFO  no build target found for C:\Users\drsal\Downloads\hw1\csc-435-pa2-dsalcedo2\app-java\src\main\java\csc435\app\FileRetrievalEngine.java. Using fallback presentation compiler.
2026.02.11 17:59:09 INFO  no build target found for C:\Users\drsal\Downloads\hw1\csc-435-pa2-dsalcedo2\app-java\src\main\java\csc435\app\FileRetrievalEngine.java. Using fallback presentation compiler.
2026.02.11 17:59:28 WARN  no build target for: C:\Users\drsal\Downloads\hw1\csc-435-pa2-dsalcedo2\app-java\src\main\java\csc435\app\ProcessingEngine.java
2026.02.11 17:59:28 INFO  no build target found for C:\Users\drsal\Downloads\hw1\csc-435-pa2-dsalcedo2\app-java\src\main\java\csc435\app\ProcessingEngine.java. Using fallback presentation compiler.
2026.02.11 17:59:37 WARN  no build target for: C:\Users\drsal\Downloads\hw1\csc-435-pa2-dsalcedo2\app-java\src\main\java\csc435\app\FileRetrievalEngine.java
2026.02.11 17:59:37 INFO  no build target found for C:\Users\drsal\Downloads\hw1\csc-435-pa2-dsalcedo2\app-java\src\main\java\csc435\app\FileRetrievalEngine.java. Using fallback presentation compiler.
2026.02.11 17:59:40 INFO  no build target found for C:\Users\drsal\Downloads\hw1\csc-435-pa2-dsalcedo2\app-java\src\main\java\csc435\app\FileRetrievalEngine.java. Using fallback presentation compiler.
2026.02.11 17:59:40 INFO  no build target found for C:\Users\drsal\Downloads\hw1\csc-435-pa2-dsalcedo2\app-java\src\main\java\csc435\app\FileRetrievalEngine.java. Using fallback presentation compiler.
2026.02.11 17:59:42 INFO  no build target found for C:\Users\drsal\Downloads\hw1\csc-435-pa2-dsalcedo2\app-java\src\main\java\csc435\app\FileRetrievalEngine.java. Using fallback presentation compiler.
2026.02.11 17:59:42 INFO  no build target found for C:\Users\drsal\Downloads\hw1\csc-435-pa2-dsalcedo2\app-java\src\main\java\csc435\app\FileRetrievalEngine.java. Using fallback presentation compiler.
2026.02.11 17:59:44 INFO  no build target found for C:\Users\drsal\Downloads\hw1\csc-435-pa2-dsalcedo2\app-java\src\main\java\csc435\app\FileRetrievalEngine.java. Using fallback presentation compiler.
2026.02.11 17:59:45 INFO  no build target found for C:\Users\drsal\Downloads\hw1\csc-435-pa2-dsalcedo2\app-java\src\main\java\csc435\app\FileRetrievalEngine.java. Using fallback presentation compiler.
2026.02.11 17:59:47 WARN  no build target for: C:\Users\drsal\Downloads\hw1\csc-435-pa2-dsalcedo2\app-java\src\main\java\csc435\app\FileRetrievalEngine.java
2026.02.11 17:59:47 WARN  no build target for: C:\Users\drsal\Downloads\hw1\csc-435-pa2-dsalcedo2\app-java\src\main\java\csc435\app\ProcessingEngine.java
2026.02.11 18:26:41 INFO  no build target found for C:\Users\drsal\Downloads\hw1\csc-435-pa2-dsalcedo2\app-java\src\main\java\csc435\app\FileRetrievalEngine.java. Using fallback presentation compiler.
2026.02.11 18:35:25 WARN  no build target for: C:\Users\drsal\Downloads\hw1\csc-435-pa2-dsalcedo2\app-java\src\main\java\csc435\app\AppInterface.java
2026.02.11 18:35:25 INFO  no build target found for C:\Users\drsal\Downloads\hw1\csc-435-pa2-dsalcedo2\app-java\src\main\java\csc435\app\AppInterface.java. Using fallback presentation compiler.
2026.02.11 18:35:51 INFO  no build target found for C:\Users\drsal\Downloads\hw1\csc-435-pa2-dsalcedo2\app-java\src\main\java\csc435\app\AppInterface.java. Using fallback presentation compiler.
2026.02.11 18:35:51 WARN  no build target for: C:\Users\drsal\Downloads\hw1\csc-435-pa2-dsalcedo2\app-java\src\main\java\csc435\app\AppInterface.java
2026.02.11 18:35:51 INFO  no build target found for C:\Users\drsal\Downloads\hw1\csc-435-pa2-dsalcedo2\app-java\src\main\java\csc435\app\AppInterface.java. Using fallback presentation compiler.
Feb 11, 2026 6:35:53 PM org.eclipse.lsp4j.jsonrpc.RemoteEndpoint handleCancellation
WARNING: Unmatched cancel notification for request id 914
2026.02.11 18:39:22 INFO  no build target found for C:\Users\drsal\Downloads\hw1\csc-435-pa2-dsalcedo2\app-java\src\main\java\csc435\app\AppInterface.java. Using fallback presentation compiler.
2026.02.11 18:39:22 INFO  no build target found for C:\Users\drsal\Downloads\hw1\csc-435-pa2-dsalcedo2\app-java\src\main\java\csc435\app\AppInterface.java. Using fallback presentation compiler.
2026.02.11 18:39:24 INFO  no build target found for C:\Users\drsal\Downloads\hw1\csc-435-pa2-dsalcedo2\app-java\src\main\java\csc435\app\AppInterface.java. Using fallback presentation compiler.
2026.02.11 18:39:24 INFO  no build target found for C:\Users\drsal\Downloads\hw1\csc-435-pa2-dsalcedo2\app-java\src\main\java\csc435\app\AppInterface.java. Using fallback presentation compiler.
2026.02.11 18:39:27 INFO  no build target found for C:\Users\drsal\Downloads\hw1\csc-435-pa2-dsalcedo2\app-java\src\main\java\csc435\app\AppInterface.java. Using fallback presentation compiler.
2026.02.11 18:39:27 INFO  no build target found for C:\Users\drsal\Downloads\hw1\csc-435-pa2-dsalcedo2\app-java\src\main\java\csc435\app\AppInterface.java. Using fallback presentation compiler.
2026.02.11 18:39:28 INFO  no build target found for C:\Users\drsal\Downloads\hw1\csc-435-pa2-dsalcedo2\app-java\src\main\java\csc435\app\AppInterface.java. Using fallback presentation compiler.
2026.02.11 18:39:29 INFO  no build target found for C:\Users\drsal\Downloads\hw1\csc-435-pa2-dsalcedo2\app-java\src\main\java\csc435\app\AppInterface.java. Using fallback presentation compiler.
2026.02.11 18:39:29 INFO  no build target found for C:\Users\drsal\Downloads\hw1\csc-435-pa2-dsalcedo2\app-java\src\main\java\csc435\app\AppInterface.java. Using fallback presentation compiler.
2026.02.11 18:39:32 INFO  no build target found for C:\Users\drsal\Downloads\hw1\csc-435-pa2-dsalcedo2\app-java\src\main\java\csc435\app\AppInterface.java. Using fallback presentation compiler.
2026.02.11 18:39:32 INFO  no build target found for C:\Users\drsal\Downloads\hw1\csc-435-pa2-dsalcedo2\app-java\src\main\java\csc435\app\AppInterface.java. Using fallback presentation compiler.
2026.02.11 18:39:32 INFO  no build target found for C:\Users\drsal\Downloads\hw1\csc-435-pa2-dsalcedo2\app-java\src\main\java\csc435\app\AppInterface.java. Using fallback presentation compiler.
2026.02.11 18:39:33 INFO  no build target found for C:\Users\drsal\Downloads\hw1\csc-435-pa2-dsalcedo2\app-java\src\main\java\csc435\app\AppInterface.java. Using fallback presentation compiler.
2026.02.11 18:39:33 INFO  no build target found for C:\Users\drsal\Downloads\hw1\csc-435-pa2-dsalcedo2\app-java\src\main\java\csc435\app\AppInterface.java. Using fallback presentation compiler.
2026.02.11 18:39:33 INFO  no build target found for C:\Users\drsal\Downloads\hw1\csc-435-pa2-dsalcedo2\app-java\src\main\java\csc435\app\AppInterface.java. Using fallback presentation compiler.
2026.02.11 18:39:33 INFO  no build target found for C:\Users\drsal\Downloads\hw1\csc-435-pa2-dsalcedo2\app-java\src\main\java\csc435\app\AppInterface.java. Using fallback presentation compiler.
2026.02.11 18:39:33 INFO  no build target found for C:\Users\drsal\Downloads\hw1\csc-435-pa2-dsalcedo2\app-java\src\main\java\csc435\app\AppInterface.java. Using fallback presentation compiler.
2026.02.11 18:39:34 INFO  no build target found for C:\Users\drsal\Downloads\hw1\csc-435-pa2-dsalcedo2\app-java\src\main\java\csc435\app\AppInterface.java. Using fallback presentation compiler.
2026.02.11 18:39:33 INFO  no build target found for C:\Users\drsal\Downloads\hw1\csc-435-pa2-dsalcedo2\app-java\src\main\java\csc435\app\AppInterface.java. Using fallback presentation compiler.
2026.02.11 18:39:33 INFO  no build target found for C:\Users\drsal\Downloads\hw1\csc-435-pa2-dsalcedo2\app-java\src\main\java\csc435\app\AppInterface.java. Using fallback presentation compiler.
2026.02.11 18:39:35 INFO  no build target found for C:\Users\drsal\Downloads\hw1\csc-435-pa2-dsalcedo2\app-java\src\main\java\csc435\app\AppInterface.java. Using fallback presentation compiler.
2026.02.11 18:39:35 INFO  no build target found for C:\Users\drsal\Downloads\hw1\csc-435-pa2-dsalcedo2\app-java\src\main\java\csc435\app\AppInterface.java. Using fallback presentation compiler.
2026.02.11 18:39:35 INFO  no build target found for C:\Users\drsal\Downloads\hw1\csc-435-pa2-dsalcedo2\app-java\src\main\java\csc435\app\AppInterface.java. Using fallback presentation compiler.
2026.02.11 18:39:35 INFO  no build target found for C:\Users\drsal\Downloads\hw1\csc-435-pa2-dsalcedo2\app-java\src\main\java\csc435\app\AppInterface.java. Using fallback presentation compiler.
2026.02.11 18:39:36 INFO  no build target found for C:\Users\drsal\Downloads\hw1\csc-435-pa2-dsalcedo2\app-java\src\main\java\csc435\app\AppInterface.java. Using fallback presentation compiler.
2026.02.11 18:39:36 INFO  no build target found for C:\Users\drsal\Downloads\hw1\csc-435-pa2-dsalcedo2\app-java\src\main\java\csc435\app\AppInterface.java. Using fallback presentation compiler.
2026.02.11 18:39:36 INFO  no build target found for C:\Users\drsal\Downloads\hw1\csc-435-pa2-dsalcedo2\app-java\src\main\java\csc435\app\AppInterface.java. Using fallback presentation compiler.
2026.02.11 18:39:42 INFO  no build target found for C:\Users\drsal\Downloads\hw1\csc-435-pa2-dsalcedo2\app-java\src\main\java\csc435\app\AppInterface.java. Using fallback presentation compiler.
2026.02.11 18:39:52 INFO  no build target found for C:\Users\drsal\Downloads\hw1\csc-435-pa2-dsalcedo2\app-java\src\main\java\csc435\app\AppInterface.java. Using fallback presentation compiler.
2026.02.11 18:39:54 INFO  no build target found for C:\Users\drsal\Downloads\hw1\csc-435-pa2-dsalcedo2\app-java\src\main\java\csc435\app\AppInterface.java. Using fallback presentation compiler.
2026.02.11 18:40:03 INFO  no build target found for C:\Users\drsal\Downloads\hw1\csc-435-pa2-dsalcedo2\app-java\src\main\java\csc435\app\AppInterface.java. Using fallback presentation compiler.
2026.02.11 18:40:07 WARN  no build target for: C:\Users\drsal\Downloads\hw1\csc-435-pa2-dsalcedo2\app-java\src\main\java\csc435\app\FileRetrievalEngine.java
2026.02.11 18:40:08 INFO  no build target found for C:\Users\drsal\Downloads\hw1\csc-435-pa2-dsalcedo2\app-java\src\main\java\csc435\app\FileRetrievalEngine.java. Using fallback presentation compiler.
2026.02.11 18:40:07 INFO  no build target found for C:\Users\drsal\Downloads\hw1\csc-435-pa2-dsalcedo2\app-java\src\main\java\csc435\app\FileRetrievalEngine.java. Using fallback presentation compiler.
2026.02.11 18:40:08 INFO  no build target found for C:\Users\drsal\Downloads\hw1\csc-435-pa2-dsalcedo2\app-java\src\main\java\csc435\app\FileRetrievalEngine.java. Using fallback presentation compiler.
2026.02.11 18:40:12 WARN  no build target for: C:\Users\drsal\Downloads\hw1\csc-435-pa2-dsalcedo2\app-java\src\main\java\csc435\app\ProcessingEngine.java
2026.02.11 18:40:12 INFO  no build target found for C:\Users\drsal\Downloads\hw1\csc-435-pa2-dsalcedo2\app-java\src\main\java\csc435\app\ProcessingEngine.java. Using fallback presentation compiler.
2026.02.11 18:40:13 INFO  no build target found for C:\Users\drsal\Downloads\hw1\csc-435-pa2-dsalcedo2\app-java\src\main\java\csc435\app\ProcessingEngine.java. Using fallback presentation compiler.
2026.02.11 18:40:15 INFO  no build target found for C:\Users\drsal\Downloads\hw1\csc-435-pa2-dsalcedo2\app-java\src\main\java\csc435\app\ProcessingEngine.java. Using fallback presentation compiler.
Feb 11, 2026 6:41:02 PM org.eclipse.lsp4j.jsonrpc.RemoteEndpoint handleCancellation
WARNING: Unmatched cancel notification for request id 1075
Feb 11, 2026 6:41:30 PM org.eclipse.lsp4j.jsonrpc.services.GenericEndpoint notify
INFO: Unsupported notification method: $/setTrace
2026.02.11 18:43:39 INFO  no build target found for C:\Users\drsal\Downloads\hw1\csc-435-pa2-dsalcedo2\app-java\src\main\java\csc435\app\AppInterface.java. Using fallback presentation compiler.
2026.02.11 18:43:39 WARN  no build target for: C:\Users\drsal\Downloads\hw1\csc-435-pa2-dsalcedo2\app-java\src\main\java\csc435\app\AppInterface.java
2026.02.11 18:44:20 INFO  no build target found for C:\Users\drsal\Downloads\hw1\csc-435-pa2-dsalcedo2\app-java\src\main\java\csc435\app\FileRetrievalEngine.java. Using fallback presentation compiler.
2026.02.11 18:44:20 WARN  no build target for: C:\Users\drsal\Downloads\hw1\csc-435-pa2-dsalcedo2\app-java\src\main\java\csc435\app\FileRetrievalEngine.java
2026.02.11 18:44:43 INFO  no build target found for C:\Users\drsal\Downloads\hw1\csc-435-pa2-dsalcedo2\app-java\src\main\java\csc435\app\FileRetrievalEngine.java. Using fallback presentation compiler.
2026.02.11 18:44:43 WARN  no build target for: C:\Users\drsal\Downloads\hw1\csc-435-pa2-dsalcedo2\app-java\src\main\java\csc435\app\FileRetrievalEngine.java
2026.02.11 18:45:17 WARN  no build target for: C:\Users\drsal\Downloads\hw1\csc-435-pa2-dsalcedo2\app-java\src\main\java\csc435\app\FileRetrievalEngine.java
2026.02.11 18:45:22 WARN  no build target for: C:\Users\drsal\Downloads\hw1\csc-435-pa2-dsalcedo2\app-java\src\main\java\csc435\app\FileRetrievalEngine.java
2026.02.11 18:45:22 INFO  no build target found for C:\Users\drsal\Downloads\hw1\csc-435-pa2-dsalcedo2\app-java\src\main\java\csc435\app\FileRetrievalEngine.java. Using fallback presentation compiler.
2026.02.11 18:45:23 INFO  no build target found for C:\Users\drsal\Downloads\hw1\csc-435-pa2-dsalcedo2\app-java\src\main\java\csc435\app\FileRetrievalEngine.java. Using fallback presentation compiler.
2026.02.11 18:45:31 WARN  no build target for: C:\Users\drsal\Downloads\hw1\csc-435-pa2-dsalcedo2\app-java\src\main\java\csc435\app\FileRetrievalEngine.java
2026.02.11 18:45:31 INFO  no build target found for C:\Users\drsal\Downloads\hw1\csc-435-pa2-dsalcedo2\app-java\src\main\java\csc435\app\FileRetrievalEngine.java. Using fallback presentation compiler.
2026.02.11 18:45:32 INFO  no build target found for C:\Users\drsal\Downloads\hw1\csc-435-pa2-dsalcedo2\app-java\src\main\java\csc435\app\FileRetrievalEngine.java. Using fallback presentation compiler.
2026.02.11 20:58:11 WARN  no build target for: C:\Users\drsal\Downloads\hw1\csc-435-pa2-dsalcedo2\app-java\src\main\java\csc435\app\AppInterface.java
2026.02.11 20:58:11 INFO  no build target found for C:\Users\drsal\Downloads\hw1\csc-435-pa2-dsalcedo2\app-java\src\main\java\csc435\app\AppInterface.java. Using fallback presentation compiler.
2026.02.11 20:58:12 INFO  no build target found for C:\Users\drsal\Downloads\hw1\csc-435-pa2-dsalcedo2\app-java\src\main\java\csc435\app\AppInterface.java. Using fallback presentation compiler.
2026.02.11 20:58:15 INFO  no build target found for C:\Users\drsal\Downloads\hw1\csc-435-pa2-dsalcedo2\app-java\src\main\java\csc435\app\AppInterface.java. Using fallback presentation compiler.
2026.02.11 20:58:17 INFO  no build target found for C:\Users\drsal\Downloads\hw1\csc-435-pa2-dsalcedo2\app-java\src\main\java\csc435\app\AppInterface.java. Using fallback presentation compiler.
2026.02.11 20:58:17 INFO  no build target found for C:\Users\drsal\Downloads\hw1\csc-435-pa2-dsalcedo2\app-java\src\main\java\csc435\app\AppInterface.java. Using fallback presentation compiler.
2026.02.11 20:58:17 INFO  no build target found for C:\Users\drsal\Downloads\hw1\csc-435-pa2-dsalcedo2\app-java\src\main\java\csc435\app\AppInterface.java. Using fallback presentation compiler.
2026.02.11 20:58:19 INFO  no build target found for C:\Users\drsal\Downloads\hw1\csc-435-pa2-dsalcedo2\app-java\src\main\java\csc435\app\AppInterface.java. Using fallback presentation compiler.
2026.02.11 20:58:20 INFO  no build target found for C:\Users\drsal\Downloads\hw1\csc-435-pa2-dsalcedo2\app-java\src\main\java\csc435\app\AppInterface.java. Using fallback presentation compiler.
2026.02.11 20:58:27 INFO  no build target found for C:\Users\drsal\Downloads\hw1\csc-435-pa2-dsalcedo2\app-java\src\main\java\csc435\app\AppInterface.java. Using fallback presentation compiler.
2026.02.11 20:58:28 WARN  no build target for: C:\Users\drsal\Downloads\hw1\csc-435-pa2-dsalcedo2\app-java\src\main\java\csc435\app\FileRetrievalEngine.java
2026.02.11 20:58:28 INFO  no build target found for C:\Users\drsal\Downloads\hw1\csc-435-pa2-dsalcedo2\app-java\src\main\java\csc435\app\FileRetrievalEngine.java. Using fallback presentation compiler.
2026.02.11 20:58:30 INFO  no build target found for C:\Users\drsal\Downloads\hw1\csc-435-pa2-dsalcedo2\app-java\src\main\java\csc435\app\FileRetrievalEngine.java. Using fallback presentation compiler.
2026.02.11 20:58:31 INFO  no build target found for C:\Users\drsal\Downloads\hw1\csc-435-pa2-dsalcedo2\app-java\src\main\java\csc435\app\FileRetrievalEngine.java. Using fallback presentation compiler.
2026.02.11 20:58:31 INFO  no build target found for C:\Users\drsal\Downloads\hw1\csc-435-pa2-dsalcedo2\app-java\src\main\java\csc435\app\FileRetrievalEngine.java. Using fallback presentation compiler.
2026.02.11 20:58:34 INFO  no build target found for C:\Users\drsal\Downloads\hw1\csc-435-pa2-dsalcedo2\app-java\src\main\java\csc435\app\FileRetrievalEngine.java. Using fallback presentation compiler.
2026.02.11 20:58:35 INFO  no build target found for C:\Users\drsal\Downloads\hw1\csc-435-pa2-dsalcedo2\app-java\src\main\java\csc435\app\FileRetrievalEngine.java. Using fallback presentation compiler.
2026.02.11 20:58:35 INFO  no build target found for C:\Users\drsal\Downloads\hw1\csc-435-pa2-dsalcedo2\app-java\src\main\java\csc435\app\FileRetrievalEngine.java. Using fallback presentation compiler.
2026.02.11 20:58:35 INFO  Created report: Optional[file:///C:/Users/drsal/Downloads/hw1/csc-435-pa2-dsalcedo2/app-java/src/main/java/csc435/app/FileRetrievalEngine.java]
2026.02.11 20:58:35 INFO  empty definition using pc, found symbol in pc: _empty_/Array#length. (full report at: "C:\Users\drsal\Downloads\hw1\.metals\.reports\metals-full\2026-02-11\r_empty-definition_20-58-35-577.md")
2026.02.11 20:58:43 INFO  no build target found for C:\Users\drsal\Downloads\hw1\csc-435-pa2-dsalcedo2\app-java\src\main\java\csc435\app\FileRetrievalEngine.java. Using fallback presentation compiler.
2026.02.11 20:59:10 WARN  no build target for: C:\Users\drsal\Downloads\hw1\csc-435-pa2-dsalcedo2\app-java\src\main\java\csc435\app\IndexStore.java
2026.02.11 20:59:10 INFO  no build target found for C:\Users\drsal\Downloads\hw1\csc-435-pa2-dsalcedo2\app-java\src\main\java\csc435\app\IndexStore.java. Using fallback presentation compiler.
2026.02.11 20:59:10 INFO  no build target found for C:\Users\drsal\Downloads\hw1\csc-435-pa2-dsalcedo2\app-java\src\main\java\csc435\app\IndexStore.java. Using fallback presentation compiler.
2026.02.11 20:59:10 INFO  no build target found for C:\Users\drsal\Downloads\hw1\csc-435-pa2-dsalcedo2\app-java\src\main\java\csc435\app\IndexStore.java. Using fallback presentation compiler.
2026.02.11 20:59:10 INFO  no build target found for C:\Users\drsal\Downloads\hw1\csc-435-pa2-dsalcedo2\app-java\src\main\java\csc435\app\IndexStore.java. Using fallback presentation compiler.
2026.02.11 20:59:13 INFO  no build target found for C:\Users\drsal\Downloads\hw1\csc-435-pa2-dsalcedo2\app-java\src\main\java\csc435\app\IndexStore.java. Using fallback presentation compiler.
2026.02.11 20:59:14 INFO  no build target found for C:\Users\drsal\Downloads\hw1\csc-435-pa2-dsalcedo2\app-java\src\main\java\csc435\app\IndexStore.java. Using fallback presentation compiler.
2026.02.11 20:59:14 INFO  no build target found for C:\Users\drsal\Downloads\hw1\csc-435-pa2-dsalcedo2\app-java\src\main\java\csc435\app\IndexStore.java. Using fallback presentation compiler.
2026.02.11 20:59:14 INFO  no build target found for C:\Users\drsal\Downloads\hw1\csc-435-pa2-dsalcedo2\app-java\src\main\java\csc435\app\IndexStore.java. Using fallback presentation compiler.
2026.02.11 20:59:15 INFO  no build target found for C:\Users\drsal\Downloads\hw1\csc-435-pa2-dsalcedo2\app-java\src\main\java\csc435\app\IndexStore.java. Using fallback presentation compiler.
2026.02.11 20:59:17 INFO  no build target found for C:\Users\drsal\Downloads\hw1\csc-435-pa2-dsalcedo2\app-java\src\main\java\csc435\app\IndexStore.java. Using fallback presentation compiler.
2026.02.11 20:59:17 INFO  no build target found for C:\Users\drsal\Downloads\hw1\csc-435-pa2-dsalcedo2\app-java\src\main\java\csc435\app\IndexStore.java. Using fallback presentation compiler.
2026.02.11 20:59:25 WARN  no build target for: C:\Users\drsal\Downloads\hw1\csc-435-pa2-dsalcedo2\app-java\src\main\java\csc435\app\ProcessingEngine.java
2026.02.11 20:59:25 INFO  no build target found for C:\Users\drsal\Downloads\hw1\csc-435-pa2-dsalcedo2\app-java\src\main\java\csc435\app\ProcessingEngine.java. Using fallback presentation compiler.
2026.02.11 20:59:36 INFO  no build target found for C:\Users\drsal\Downloads\hw1\csc-435-pa2-dsalcedo2\app-java\src\main\java\csc435\app\ProcessingEngine.java. Using fallback presentation compiler.
2026.02.11 20:59:36 INFO  no build target found for C:\Users\drsal\Downloads\hw1\csc-435-pa2-dsalcedo2\app-java\src\main\java\csc435\app\ProcessingEngine.java. Using fallback presentation compiler.
2026.02.11 20:59:36 INFO  no build target found for C:\Users\drsal\Downloads\hw1\csc-435-pa2-dsalcedo2\app-java\src\main\java\csc435\app\ProcessingEngine.java. Using fallback presentation compiler.
2026.02.11 20:59:36 INFO  no build target found for C:\Users\drsal\Downloads\hw1\csc-435-pa2-dsalcedo2\app-java\src\main\java\csc435\app\ProcessingEngine.java. Using fallback presentation compiler.
2026.02.11 20:59:36 INFO  no build target found for C:\Users\drsal\Downloads\hw1\csc-435-pa2-dsalcedo2\app-java\src\main\java\csc435\app\ProcessingEngine.java. Using fallback presentation compiler.
2026.02.11 20:59:36 INFO  no build target found for C:\Users\drsal\Downloads\hw1\csc-435-pa2-dsalcedo2\app-java\src\main\java\csc435\app\ProcessingEngine.java. Using fallback presentation compiler.
2026.02.11 20:59:36 INFO  no build target found for C:\Users\drsal\Downloads\hw1\csc-435-pa2-dsalcedo2\app-java\src\main\java\csc435\app\ProcessingEngine.java. Using fallback presentation compiler.
2026.02.11 20:59:37 INFO  no build target found for C:\Users\drsal\Downloads\hw1\csc-435-pa2-dsalcedo2\app-java\src\main\java\csc435\app\ProcessingEngine.java. Using fallback presentation compiler.
2026.02.11 20:59:37 INFO  no build target found for C:\Users\drsal\Downloads\hw1\csc-435-pa2-dsalcedo2\app-java\src\main\java\csc435\app\ProcessingEngine.java. Using fallback presentation compiler.
2026.02.11 20:59:37 INFO  no build target found for C:\Users\drsal\Downloads\hw1\csc-435-pa2-dsalcedo2\app-java\src\main\java\csc435\app\ProcessingEngine.java. Using fallback presentation compiler.
Feb 11, 2026 8:59:37 PM org.eclipse.lsp4j.jsonrpc.RemoteEndpoint handleCancellation
WARNING: Unmatched cancel notification for request id 1185
2026.02.11 20:59:37 INFO  no build target found for C:\Users\drsal\Downloads\hw1\csc-435-pa2-dsalcedo2\app-java\src\main\java\csc435\app\ProcessingEngine.java. Using fallback presentation compiler.
Feb 11, 2026 8:59:37 PM org.eclipse.lsp4j.jsonrpc.RemoteEndpoint handleCancellation
WARNING: Unmatched cancel notification for request id 1187
2026.02.11 20:59:37 INFO  no build target found for C:\Users\drsal\Downloads\hw1\csc-435-pa2-dsalcedo2\app-java\src\main\java\csc435\app\ProcessingEngine.java. Using fallback presentation compiler.
2026.02.11 20:59:37 INFO  no build target found for C:\Users\drsal\Downloads\hw1\csc-435-pa2-dsalcedo2\app-java\src\main\java\csc435\app\ProcessingEngine.java. Using fallback presentation compiler.
2026.02.11 20:59:37 INFO  no build target found for C:\Users\drsal\Downloads\hw1\csc-435-pa2-dsalcedo2\app-java\src\main\java\csc435\app\ProcessingEngine.java. Using fallback presentation compiler.
Feb 11, 2026 8:59:37 PM org.eclipse.lsp4j.jsonrpc.RemoteEndpoint handleCancellation
WARNING: Unmatched cancel notification for request id 1190
2026.02.11 20:59:37 INFO  no build target found for C:\Users\drsal\Downloads\hw1\csc-435-pa2-dsalcedo2\app-java\src\main\java\csc435\app\ProcessingEngine.java. Using fallback presentation compiler.
2026.02.11 20:59:37 INFO  no build target found for C:\Users\drsal\Downloads\hw1\csc-435-pa2-dsalcedo2\app-java\src\main\java\csc435\app\ProcessingEngine.java. Using fallback presentation compiler.
2026.02.11 20:59:38 INFO  no build target found for C:\Users\drsal\Downloads\hw1\csc-435-pa2-dsalcedo2\app-java\src\main\java\csc435\app\ProcessingEngine.java. Using fallback presentation compiler.
2026.02.11 20:59:38 INFO  no build target found for C:\Users\drsal\Downloads\hw1\csc-435-pa2-dsalcedo2\app-java\src\main\java\csc435\app\ProcessingEngine.java. Using fallback presentation compiler.
2026.02.11 21:05:05 INFO  no build target found for C:\Users\drsal\Downloads\hw1\csc-435-pa2-dsalcedo2\app-java\src\main\java\csc435\app\IndexStore.java. Using fallback presentation compiler.
2026.02.11 21:11:46 INFO  no build target found for C:\Users\drsal\Downloads\hw1\csc-435-pa2-dsalcedo2\app-java\src\main\java\csc435\app\ProcessingEngine.java. Using fallback presentation compiler.
Feb 11, 2026 9:11:46 PM org.eclipse.lsp4j.jsonrpc.RemoteEndpoint handleCancellation
WARNING: Unmatched cancel notification for request id 1195
2026.02.11 21:11:46 INFO  no build target found for C:\Users\drsal\Downloads\hw1\csc-435-pa2-dsalcedo2\app-java\src\main\java\csc435\app\ProcessingEngine.java. Using fallback presentation compiler.
2026.02.11 21:11:47 INFO  no build target found for C:\Users\drsal\Downloads\hw1\csc-435-pa2-dsalcedo2\app-java\src\main\java\csc435\app\ProcessingEngine.java. Using fallback presentation compiler.
2026.02.11 21:11:48 INFO  time: code lens generation in 1.06s
2026.02.11 21:11:48 INFO  no build target found for C:\Users\drsal\Downloads\hw1\csc-435-pa2-dsalcedo2\app-java\src\main\java\csc435\app\ProcessingEngine.java. Using fallback presentation compiler.
2026.02.11 21:11:48 INFO  no build target found for C:\Users\drsal\Downloads\hw1\csc-435-pa2-dsalcedo2\app-java\src\main\java\csc435\app\ProcessingEngine.java. Using fallback presentation compiler.
2026.02.16 20:30:52 INFO  no build target found for C:\Users\drsal\Downloads\hw1\csc-435-pa2-dsalcedo2\app-java\src\main\java\csc435\app\IndexStore.java. Using fallback presentation compiler.
Feb 16, 2026 9:11:27 PM org.eclipse.lsp4j.jsonrpc.services.GenericEndpoint notify
INFO: Unsupported notification method: $/setTrace
Feb 16, 2026 9:12:02 PM org.eclipse.lsp4j.jsonrpc.services.GenericEndpoint notify
INFO: Unsupported notification method: $/setTrace
Feb 16, 2026 9:12:43 PM org.eclipse.lsp4j.jsonrpc.services.GenericEndpoint notify
INFO: Unsupported notification method: $/setTrace
Feb 16, 2026 9:13:10 PM org.eclipse.lsp4j.jsonrpc.services.GenericEndpoint notify
INFO: Unsupported notification method: $/setTrace
Feb 16, 2026 9:13:57 PM org.eclipse.lsp4j.jsonrpc.services.GenericEndpoint notify
INFO: Unsupported notification method: $/setTrace
Feb 16, 2026 9:14:45 PM org.eclipse.lsp4j.jsonrpc.services.GenericEndpoint notify
INFO: Unsupported notification method: $/setTrace
Feb 16, 2026 9:16:24 PM org.eclipse.lsp4j.jsonrpc.services.GenericEndpoint notify
INFO: Unsupported notification method: $/setTrace
Feb 16, 2026 9:17:08 PM org.eclipse.lsp4j.jsonrpc.services.GenericEndpoint notify
INFO: Unsupported notification method: $/setTrace
Feb 16, 2026 9:21:02 PM org.eclipse.lsp4j.jsonrpc.services.GenericEndpoint notify
INFO: Unsupported notification method: $/setTrace
Feb 16, 2026 9:21:28 PM org.eclipse.lsp4j.jsonrpc.services.GenericEndpoint notify
INFO: Unsupported notification method: $/setTrace
Feb 16, 2026 9:21:58 PM org.eclipse.lsp4j.jsonrpc.services.GenericEndpoint notify
INFO: Unsupported notification method: $/setTrace
Feb 16, 2026 9:22:30 PM org.eclipse.lsp4j.jsonrpc.services.GenericEndpoint notify
INFO: Unsupported notification method: $/setTrace
Feb 16, 2026 9:23:02 PM org.eclipse.lsp4j.jsonrpc.services.GenericEndpoint notify
INFO: Unsupported notification method: $/setTrace
Feb 16, 2026 9:26:15 PM org.eclipse.lsp4j.jsonrpc.services.GenericEndpoint notify
INFO: Unsupported notification method: $/setTrace
Feb 16, 2026 9:31:40 PM org.eclipse.lsp4j.jsonrpc.services.GenericEndpoint notify
INFO: Unsupported notification method: $/setTrace
Feb 16, 2026 9:32:18 PM org.eclipse.lsp4j.jsonrpc.services.GenericEndpoint notify
INFO: Unsupported notification method: $/setTrace
Feb 16, 2026 9:33:19 PM org.eclipse.lsp4j.jsonrpc.services.GenericEndpoint notify
INFO: Unsupported notification method: $/setTrace
Feb 16, 2026 9:34:02 PM org.eclipse.lsp4j.jsonrpc.services.GenericEndpoint notify
INFO: Unsupported notification method: $/setTrace
Feb 16, 2026 9:36:42 PM org.eclipse.lsp4j.jsonrpc.services.GenericEndpoint notify
INFO: Unsupported notification method: $/setTrace
Feb 16, 2026 9:37:29 PM org.eclipse.lsp4j.jsonrpc.services.GenericEndpoint notify
INFO: Unsupported notification method: $/setTrace
Feb 16, 2026 9:38:02 PM org.eclipse.lsp4j.jsonrpc.services.GenericEndpoint notify
INFO: Unsupported notification method: $/setTrace
Feb 16, 2026 9:43:33 PM org.eclipse.lsp4j.jsonrpc.services.GenericEndpoint notify
INFO: Unsupported notification method: $/setTrace
Feb 16, 2026 9:44:37 PM org.eclipse.lsp4j.jsonrpc.services.GenericEndpoint notify
INFO: Unsupported notification method: $/setTrace
Feb 16, 2026 9:45:16 PM org.eclipse.lsp4j.jsonrpc.services.GenericEndpoint notify
INFO: Unsupported notification method: $/setTrace
Feb 16, 2026 9:45:54 PM org.eclipse.lsp4j.jsonrpc.services.GenericEndpoint notify
INFO: Unsupported notification method: $/setTrace
Feb 16, 2026 9:50:27 PM org.eclipse.lsp4j.jsonrpc.services.GenericEndpoint notify
INFO: Unsupported notification method: $/setTrace
Feb 16, 2026 9:51:01 PM org.eclipse.lsp4j.jsonrpc.services.GenericEndpoint notify
INFO: Unsupported notification method: $/setTrace
Feb 16, 2026 9:52:46 PM org.eclipse.lsp4j.jsonrpc.services.GenericEndpoint notify
INFO: Unsupported notification method: $/setTrace
Feb 16, 2026 9:53:33 PM org.eclipse.lsp4j.jsonrpc.services.GenericEndpoint notify
INFO: Unsupported notification method: $/setTrace
Feb 16, 2026 9:54:07 PM org.eclipse.lsp4j.jsonrpc.services.GenericEndpoint notify
INFO: Unsupported notification method: $/setTrace
Feb 16, 2026 9:54:48 PM org.eclipse.lsp4j.jsonrpc.services.GenericEndpoint notify
INFO: Unsupported notification method: $/setTrace
Feb 16, 2026 9:55:24 PM org.eclipse.lsp4j.jsonrpc.services.GenericEndpoint notify
INFO: Unsupported notification method: $/setTrace
Feb 16, 2026 9:55:55 PM org.eclipse.lsp4j.jsonrpc.services.GenericEndpoint notify
INFO: Unsupported notification method: $/setTrace
Feb 16, 2026 9:56:33 PM org.eclipse.lsp4j.jsonrpc.services.GenericEndpoint notify
INFO: Unsupported notification method: $/setTrace
Feb 16, 2026 9:57:09 PM org.eclipse.lsp4j.jsonrpc.services.GenericEndpoint notify
INFO: Unsupported notification method: $/setTrace
Feb 16, 2026 9:57:47 PM org.eclipse.lsp4j.jsonrpc.services.GenericEndpoint notify
INFO: Unsupported notification method: $/setTrace
Feb 16, 2026 9:58:34 PM org.eclipse.lsp4j.jsonrpc.services.GenericEndpoint notify
INFO: Unsupported notification method: $/setTrace
Feb 16, 2026 9:59:16 PM org.eclipse.lsp4j.jsonrpc.services.GenericEndpoint notify
INFO: Unsupported notification method: $/setTrace
Feb 16, 2026 9:59:50 PM org.eclipse.lsp4j.jsonrpc.services.GenericEndpoint notify
INFO: Unsupported notification method: $/setTrace
Feb 16, 2026 10:02:04 PM org.eclipse.lsp4j.jsonrpc.services.GenericEndpoint notify
INFO: Unsupported notification method: $/setTrace
Feb 16, 2026 10:02:53 PM org.eclipse.lsp4j.jsonrpc.services.GenericEndpoint notify
INFO: Unsupported notification method: $/setTrace
Feb 16, 2026 10:04:28 PM org.eclipse.lsp4j.jsonrpc.services.GenericEndpoint notify
INFO: Unsupported notification method: $/setTrace
Feb 16, 2026 10:04:53 PM org.eclipse.lsp4j.jsonrpc.services.GenericEndpoint notify
INFO: Unsupported notification method: $/setTrace
Feb 16, 2026 10:05:25 PM org.eclipse.lsp4j.jsonrpc.services.GenericEndpoint notify
INFO: Unsupported notification method: $/setTrace
Feb 16, 2026 10:06:11 PM org.eclipse.lsp4j.jsonrpc.services.GenericEndpoint notify
INFO: Unsupported notification method: $/setTrace
Feb 16, 2026 10:06:45 PM org.eclipse.lsp4j.jsonrpc.services.GenericEndpoint notify
INFO: Unsupported notification method: $/setTrace
Feb 16, 2026 10:07:14 PM org.eclipse.lsp4j.jsonrpc.services.GenericEndpoint notify
INFO: Unsupported notification method: $/setTrace
Feb 16, 2026 10:07:47 PM org.eclipse.lsp4j.jsonrpc.services.GenericEndpoint notify
INFO: Unsupported notification method: $/setTrace
Feb 16, 2026 10:08:16 PM org.eclipse.lsp4j.jsonrpc.services.GenericEndpoint notify
INFO: Unsupported notification method: $/setTrace
Feb 16, 2026 10:08:50 PM org.eclipse.lsp4j.jsonrpc.services.GenericEndpoint notify
INFO: Unsupported notification method: $/setTrace
Feb 16, 2026 10:12:17 PM org.eclipse.lsp4j.jsonrpc.services.GenericEndpoint notify
INFO: Unsupported notification method: $/setTrace
Feb 16, 2026 10:13:00 PM org.eclipse.lsp4j.jsonrpc.services.GenericEndpoint notify
INFO: Unsupported notification method: $/setTrace
Feb 16, 2026 10:14:07 PM org.eclipse.lsp4j.jsonrpc.services.GenericEndpoint notify
INFO: Unsupported notification method: $/setTrace
Feb 16, 2026 10:14:43 PM org.eclipse.lsp4j.jsonrpc.services.GenericEndpoint notify
INFO: Unsupported notification method: $/setTrace
Feb 16, 2026 10:15:24 PM org.eclipse.lsp4j.jsonrpc.services.GenericEndpoint notify
INFO: Unsupported notification method: $/setTrace
Feb 16, 2026 10:15:58 PM org.eclipse.lsp4j.jsonrpc.services.GenericEndpoint notify
INFO: Unsupported notification method: $/setTrace
Feb 16, 2026 10:16:42 PM org.eclipse.lsp4j.jsonrpc.services.GenericEndpoint notify
INFO: Unsupported notification method: $/setTrace
Feb 16, 2026 10:17:20 PM org.eclipse.lsp4j.jsonrpc.services.GenericEndpoint notify
INFO: Unsupported notification method: $/setTrace
Feb 16, 2026 10:17:57 PM org.eclipse.lsp4j.jsonrpc.services.GenericEndpoint notify
INFO: Unsupported notification method: $/setTrace
Feb 16, 2026 10:20:22 PM org.eclipse.lsp4j.jsonrpc.services.GenericEndpoint notify
INFO: Unsupported notification method: $/setTrace
Feb 16, 2026 10:20:58 PM org.eclipse.lsp4j.jsonrpc.services.GenericEndpoint notify
INFO: Unsupported notification method: $/setTrace
Feb 16, 2026 10:21:30 PM org.eclipse.lsp4j.jsonrpc.services.GenericEndpoint notify
INFO: Unsupported notification method: $/setTrace
Feb 16, 2026 10:22:00 PM org.eclipse.lsp4j.jsonrpc.services.GenericEndpoint notify
INFO: Unsupported notification method: $/setTrace
Feb 16, 2026 10:22:30 PM org.eclipse.lsp4j.jsonrpc.services.GenericEndpoint notify
INFO: Unsupported notification method: $/setTrace
Feb 16, 2026 10:23:01 PM org.eclipse.lsp4j.jsonrpc.services.GenericEndpoint notify
INFO: Unsupported notification method: $/setTrace
Feb 16, 2026 10:23:36 PM org.eclipse.lsp4j.jsonrpc.services.GenericEndpoint notify
INFO: Unsupported notification method: $/setTrace
Feb 16, 2026 10:24:23 PM org.eclipse.lsp4j.jsonrpc.services.GenericEndpoint notify
INFO: Unsupported notification method: $/setTrace
Feb 16, 2026 10:25:00 PM org.eclipse.lsp4j.jsonrpc.services.GenericEndpoint notify
INFO: Unsupported notification method: $/setTrace
Feb 16, 2026 10:25:42 PM org.eclipse.lsp4j.jsonrpc.services.GenericEndpoint notify
INFO: Unsupported notification method: $/setTrace
Feb 16, 2026 10:26:27 PM org.eclipse.lsp4j.jsonrpc.services.GenericEndpoint notify
INFO: Unsupported notification method: $/setTrace
Feb 16, 2026 10:27:00 PM org.eclipse.lsp4j.jsonrpc.services.GenericEndpoint notify
INFO: Unsupported notification method: $/setTrace
Feb 16, 2026 10:27:36 PM org.eclipse.lsp4j.jsonrpc.services.GenericEndpoint notify
INFO: Unsupported notification method: $/setTrace
Feb 16, 2026 10:28:17 PM org.eclipse.lsp4j.jsonrpc.services.GenericEndpoint notify
INFO: Unsupported notification method: $/setTrace
Feb 16, 2026 10:28:56 PM org.eclipse.lsp4j.jsonrpc.services.GenericEndpoint notify
INFO: Unsupported notification method: $/setTrace
Feb 16, 2026 10:29:34 PM org.eclipse.lsp4j.jsonrpc.services.GenericEndpoint notify
INFO: Unsupported notification method: $/setTrace
Feb 16, 2026 10:30:18 PM org.eclipse.lsp4j.jsonrpc.services.GenericEndpoint notify
INFO: Unsupported notification method: $/setTrace
Feb 16, 2026 10:30:57 PM org.eclipse.lsp4j.jsonrpc.services.GenericEndpoint notify
INFO: Unsupported notification method: $/setTrace
Feb 16, 2026 10:31:31 PM org.eclipse.lsp4j.jsonrpc.services.GenericEndpoint notify
INFO: Unsupported notification method: $/setTrace
Feb 16, 2026 10:32:19 PM org.eclipse.lsp4j.jsonrpc.services.GenericEndpoint notify
INFO: Unsupported notification method: $/setTrace
Feb 16, 2026 10:33:01 PM org.eclipse.lsp4j.jsonrpc.services.GenericEndpoint notify
INFO: Unsupported notification method: $/setTrace
Feb 16, 2026 10:33:39 PM org.eclipse.lsp4j.jsonrpc.services.GenericEndpoint notify
INFO: Unsupported notification method: $/setTrace
2026.02.17 20:19:51 WARN  no build target for: C:\Users\drsal\Downloads\hw1\csc-435-pa2-dsalcedo2\app-java\src\main\java\csc435\app\ProcessingEngine.java
2026.02.17 20:19:51 INFO  no build target found for C:\Users\drsal\Downloads\hw1\csc-435-pa2-dsalcedo2\app-java\src\main\java\csc435\app\ProcessingEngine.java. Using fallback presentation compiler.
2026.02.17 20:19:52 INFO  no build target found for C:\Users\drsal\Downloads\hw1\csc-435-pa2-dsalcedo2\app-java\src\main\java\csc435\app\ProcessingEngine.java. Using fallback presentation compiler.
2026.02.17 20:19:51 INFO  no build target found for C:\Users\drsal\Downloads\hw1\csc-435-pa2-dsalcedo2\app-java\src\main\java\csc435\app\ProcessingEngine.java. Using fallback presentation compiler.
2026.02.17 20:54:28 INFO  no build target found for C:\Users\drsal\Downloads\hw1\csc-435-pa2-dsalcedo2\app-java\src\main\java\csc435\app\ProcessingEngine.java. Using fallback presentation compiler.
2026.02.17 20:56:23 WARN  no build target for: C:\Users\drsal\Downloads\hw1\parsing-assignment\Assn3\GrammarAnalysis.java
2026.02.17 20:56:24 INFO  no build target found for C:\Users\drsal\Downloads\hw1\parsing-assignment\Assn3\GrammarAnalysis.java. Using fallback presentation compiler.
2026.02.17 20:56:24 INFO  no build target found for C:\Users\drsal\Downloads\hw1\parsing-assignment\Assn3\GrammarAnalysis.java. Using fallback presentation compiler.
2026.02.17 21:03:06 INFO  no build target found for c:\Users\drsal\Downloads\hw1\parsing-assignment\Assn3\GrammarAnalysis.java. Using fallback presentation compiler.
2026.02.17 21:03:06 WARN  no build target for: C:\Users\drsal\Downloads\hw1\csc-435-pa2-dsalcedo2\app-java\src\main\java\csc435\app\ProcessingEngine.java
2026.02.17 21:03:06 INFO  no build target found for C:\Users\drsal\Downloads\hw1\csc-435-pa2-dsalcedo2\app-java\src\main\java\csc435\app\ProcessingEngine.java. Using fallback presentation compiler.
2026.02.17 23:20:40 WARN  no build target for: C:\Users\drsal\Downloads\hw1\csc-435-pa2-dsalcedo2\app-java\src\main\java\csc435\app\ProcessingEngine.java
2026.02.17 23:20:44 INFO  no build target found for C:\Users\drsal\Downloads\hw1\csc-435-pa2-dsalcedo2\app-java\src\main\java\csc435\app\ProcessingEngine.java. Using fallback presentation compiler.
2026.02.17 23:24:35 INFO  no build target found for C:\Users\drsal\Downloads\hw1\csc-435-pa2-dsalcedo2\app-java\src\main\java\csc435\app\ProcessingEngine.java. Using fallback presentation compiler.
2026.02.17 23:24:40 INFO  no build target found for C:\Users\drsal\Downloads\hw1\csc-435-pa2-dsalcedo2\app-java\src\main\java\csc435\app\ProcessingEngine.java. Using fallback presentation compiler.
2026.02.17 23:24:41 INFO  no build target found for C:\Users\drsal\Downloads\hw1\csc-435-pa2-dsalcedo2\app-java\src\main\java\csc435\app\ProcessingEngine.java. Using fallback presentation compiler.
2026.02.17 23:24:41 INFO  time: code lens generation in 1.5s
Feb 18, 2026 10:50:04 PM org.eclipse.lsp4j.jsonrpc.services.GenericEndpoint notify
INFO: Unsupported notification method: $/setTrace
Feb 18, 2026 10:50:56 PM org.eclipse.lsp4j.jsonrpc.services.GenericEndpoint notify
INFO: Unsupported notification method: $/setTrace
Feb 18, 2026 10:54:56 PM org.eclipse.lsp4j.jsonrpc.services.GenericEndpoint notify
INFO: Unsupported notification method: $/setTrace
Feb 18, 2026 10:55:51 PM org.eclipse.lsp4j.jsonrpc.services.GenericEndpoint notify
INFO: Unsupported notification method: $/setTrace
Feb 18, 2026 10:56:39 PM org.eclipse.lsp4j.jsonrpc.services.GenericEndpoint notify
INFO: Unsupported notification method: $/setTrace
Feb 18, 2026 10:57:21 PM org.eclipse.lsp4j.jsonrpc.services.GenericEndpoint notify
INFO: Unsupported notification method: $/setTrace
Feb 18, 2026 11:21:28 PM org.eclipse.lsp4j.jsonrpc.services.GenericEndpoint notify
INFO: Unsupported notification method: $/setTrace
Feb 18, 2026 11:22:31 PM org.eclipse.lsp4j.jsonrpc.services.GenericEndpoint notify
INFO: Unsupported notification method: $/setTrace
Feb 18, 2026 11:23:18 PM org.eclipse.lsp4j.jsonrpc.services.GenericEndpoint notify
INFO: Unsupported notification method: $/setTrace
Feb 18, 2026 11:24:15 PM org.eclipse.lsp4j.jsonrpc.services.GenericEndpoint notify
INFO: Unsupported notification method: $/setTrace
Feb 18, 2026 11:25:33 PM org.eclipse.lsp4j.jsonrpc.services.GenericEndpoint notify
INFO: Unsupported notification method: $/setTrace
Feb 18, 2026 11:26:41 PM org.eclipse.lsp4j.jsonrpc.services.GenericEndpoint notify
INFO: Unsupported notification method: $/setTrace
Feb 18, 2026 11:27:33 PM org.eclipse.lsp4j.jsonrpc.services.GenericEndpoint notify
INFO: Unsupported notification method: $/setTrace
Feb 18, 2026 11:28:24 PM org.eclipse.lsp4j.jsonrpc.services.GenericEndpoint notify
INFO: Unsupported notification method: $/setTrace
Feb 18, 2026 11:29:24 PM org.eclipse.lsp4j.jsonrpc.services.GenericEndpoint notify
INFO: Unsupported notification method: $/setTrace
Feb 18, 2026 11:30:22 PM org.eclipse.lsp4j.jsonrpc.services.GenericEndpoint notify
INFO: Unsupported notification method: $/setTrace
Feb 20, 2026 8:24:59 PM org.eclipse.lsp4j.jsonrpc.services.GenericEndpoint notify
INFO: Unsupported notification method: $/setTrace
Feb 20, 2026 8:25:55 PM org.eclipse.lsp4j.jsonrpc.services.GenericEndpoint notify
INFO: Unsupported notification method: $/setTrace
Feb 20, 2026 8:32:53 PM org.eclipse.lsp4j.jsonrpc.services.GenericEndpoint notify
INFO: Unsupported notification method: $/setTrace
Feb 20, 2026 8:33:41 PM org.eclipse.lsp4j.jsonrpc.services.GenericEndpoint notify
INFO: Unsupported notification method: $/setTrace
Feb 20, 2026 8:34:35 PM org.eclipse.lsp4j.jsonrpc.services.GenericEndpoint notify
INFO: Unsupported notification method: $/setTrace
Feb 20, 2026 8:35:25 PM org.eclipse.lsp4j.jsonrpc.services.GenericEndpoint notify
INFO: Unsupported notification method: $/setTrace
Feb 20, 2026 8:36:22 PM org.eclipse.lsp4j.jsonrpc.services.GenericEndpoint notify
INFO: Unsupported notification method: $/setTrace
Feb 20, 2026 8:39:02 PM org.eclipse.lsp4j.jsonrpc.services.GenericEndpoint notify
INFO: Unsupported notification method: $/setTrace
Feb 20, 2026 8:43:55 PM org.eclipse.lsp4j.jsonrpc.services.GenericEndpoint notify
INFO: Unsupported notification method: $/setTrace
Feb 20, 2026 8:44:55 PM org.eclipse.lsp4j.jsonrpc.services.GenericEndpoint notify
INFO: Unsupported notification method: $/setTrace
Feb 20, 2026 8:45:43 PM org.eclipse.lsp4j.jsonrpc.services.GenericEndpoint notify
INFO: Unsupported notification method: $/setTrace
Feb 20, 2026 8:51:14 PM org.eclipse.lsp4j.jsonrpc.services.GenericEndpoint notify
INFO: Unsupported notification method: $/setTrace
Feb 20, 2026 8:56:45 PM org.eclipse.lsp4j.jsonrpc.services.GenericEndpoint notify
INFO: Unsupported notification method: $/setTrace
Feb 20, 2026 9:02:16 PM org.eclipse.lsp4j.jsonrpc.services.GenericEndpoint notify
INFO: Unsupported notification method: $/setTrace
Feb 20, 2026 9:02:58 PM org.eclipse.lsp4j.jsonrpc.services.GenericEndpoint notify
INFO: Unsupported notification method: $/setTrace
Feb 20, 2026 9:03:48 PM org.eclipse.lsp4j.jsonrpc.services.GenericEndpoint notify
INFO: Unsupported notification method: $/setTrace
Feb 20, 2026 9:05:28 PM org.eclipse.lsp4j.jsonrpc.services.GenericEndpoint notify
INFO: Unsupported notification method: $/setTrace
Feb 20, 2026 9:09:28 PM org.eclipse.lsp4j.jsonrpc.services.GenericEndpoint notify
INFO: Unsupported notification method: $/setTrace
Feb 20, 2026 9:10:13 PM org.eclipse.lsp4j.jsonrpc.services.GenericEndpoint notify
INFO: Unsupported notification method: $/setTrace
Feb 20, 2026 9:10:49 PM org.eclipse.lsp4j.jsonrpc.services.GenericEndpoint notify
INFO: Unsupported notification method: $/setTrace
Feb 20, 2026 9:13:50 PM org.eclipse.lsp4j.jsonrpc.services.GenericEndpoint notify
INFO: Unsupported notification method: $/setTrace
Feb 20, 2026 9:14:37 PM org.eclipse.lsp4j.jsonrpc.services.GenericEndpoint notify
INFO: Unsupported notification method: $/setTrace
Feb 20, 2026 9:17:28 PM org.eclipse.lsp4j.jsonrpc.services.GenericEndpoint notify
INFO: Unsupported notification method: $/setTrace
Feb 20, 2026 9:20:46 PM org.eclipse.lsp4j.jsonrpc.services.GenericEndpoint notify
INFO: Unsupported notification method: $/setTrace
Feb 20, 2026 9:21:24 PM org.eclipse.lsp4j.jsonrpc.services.GenericEndpoint notify
INFO: Unsupported notification method: $/setTrace
Feb 20, 2026 9:25:48 PM org.eclipse.lsp4j.jsonrpc.services.GenericEndpoint notify
INFO: Unsupported notification method: $/setTrace
Feb 20, 2026 9:28:29 PM org.eclipse.lsp4j.jsonrpc.services.GenericEndpoint notify
INFO: Unsupported notification method: $/setTrace
Feb 20, 2026 9:30:45 PM org.eclipse.lsp4j.jsonrpc.services.GenericEndpoint notify
INFO: Unsupported notification method: $/setTrace
Feb 20, 2026 9:31:34 PM org.eclipse.lsp4j.jsonrpc.services.GenericEndpoint notify
INFO: Unsupported notification method: $/setTrace
